# JRE version: OpenJDK Runtime Environment Temurin-21.0.10+7 (21.0.10+7) (build 21.0.10+7-LTS)
# Java VM: OpenJDK 64-Bit Server VM Temurin-21.0.10+7 (21.0.10+7-LTS, mixed mode, sharing, tiered, compressed oops, compressed class ptrs, parallel gc, windows-amd64)
GC Precious Log:
 CardTable entry size: 512
 CPUs: 8 total, 8 available
 Memory: 8088M
 Large Page Support: Disabled
 NUMA Support: Disabled
 Compressed Oops: Enabled (32-bit)
 Alignments: Space 512K, Generation 512K, Heap 2M
 Heap Min Capacity: 100M
 Heap Initial Capacity: 100M
 Heap Max Capacity: 1G
 Pre-touch: Disabled
 Parallel Workers: 8
Heap:
 PSYoungGen      total 3072K, used 1215K [0x00000000eab00000, 0x00000000eaf00000, 0x0000000100000000)
  eden space 2048K, 42% used [0x00000000eab00000,0x00000000eabd7f68,0x00000000ead00000)
  from space 1024K, 34% used [0x00000000ead00000,0x00000000ead58000,0x00000000eae00000)
  to   space 1024K, 0% used [0x00000000eae00000,0x00000000eae00000,0x00000000eaf00000)
 ParOldGen       total 392704K, used 191526K [0x00000000c0000000, 0x00000000d7f80000, 0x00000000eab00000)
  object space 392704K, 48% used [0x00000000c0000000,0x00000000cbb09b48,0x00000000d7f80000)
 Metaspace       used 86508K, committed 88320K, reserved 1179648K
  class space    used 9239K, committed 10048K, reserved 1048576K
GC Heap History (20 events):
Event: 191.770 GC heap before
{Heap before GC invocations=604 (full 4):
 PSYoungGen      total 3072K, used 2304K [0x00000000eab00000, 0x00000000eae80000, 0x0000000100000000)
  eden space 2048K, 100% used [0x00000000eab00000,0x00000000ead00000,0x00000000ead00000)
  from space 1024K, 25% used [0x00000000ead00000,0x00000000ead40000,0x00000000eae00000)
  to   space 512K, 0% used [0x00000000eae00000,0x00000000eae00000,0x00000000eae80000)
 ParOldGen       total 392704K, used 189698K [0x00000000c0000000, 0x00000000d7f80000, 0x00000000eab00000)
  object space 392704K, 48% used [0x00000000c0000000,0x00000000cb9409a8,0x00000000d7f80000)
 Metaspace       used 86284K, committed 88000K, reserved 1179648K
  class space    used 9209K, committed 9984K, reserved 1048576K
}
Event: 191.771 GC heap after
{Heap after GC invocations=604 (full 4):
 PSYoungGen      total 2560K, used 128K [0x00000000eab00000, 0x00000000eae80000, 0x0000000100000000)
  eden space 2048K, 0% used [0x00000000eab00000,0x00000000eab00000,0x00000000ead00000)
  from space 512K, 25% used [0x00000000eae00000,0x00000000eae20000,0x00000000eae80000)
  to   space 512K, 0% used [0x00000000ead80000,0x00000000ead80000,0x00000000eae00000)
 ParOldGen       total 392704K, used 189818K [0x00000000c0000000, 0x00000000d7f80000, 0x00000000eab00000)
  object space 392704K, 48% used [0x00000000c0000000,0x00000000cb95e9a8,0x00000000d7f80000)
 Metaspace       used 86284K, committed 88000K, reserved 1179648K
  class space    used 9209K, committed 9984K, reserved 1048576K
}
Event: 192.339 GC heap before
{Heap before GC invocations=605 (full 4):
 PSYoungGen      total 2560K, used 2176K [0x00000000eab00000, 0x00000000eae80000, 0x0000000100000000)
  eden space 2048K, 100% used [0x00000000eab00000,0x00000000ead00000,0x00000000ead00000)
  from space 512K, 25% used [0x00000000eae00000,0x00000000eae20000,0x00000000eae80000)
  to   space 512K, 0% used [0x00000000ead80000,0x00000000ead80000,0x00000000eae00000)
 ParOldGen       total 392704K, used 189818K [0x00000000c0000000, 0x00000000d7f80000, 0x00000000eab00000)
  object space 392704K, 48% used [0x00000000c0000000,0x00000000cb95e9a8,0x00000000d7f80000)
 Metaspace       used 86289K, committed 88000K, reserved 1179648K
  class space    used 9209K, committed 9984K, reserved 1048576K
}
Event: 192.340 GC heap after
{Heap after GC invocations=605 (full 4):
 PSYoungGen      total 2560K, used 224K [0x00000000eab00000, 0x00000000eae80000, 0x0000000100000000)
  eden space 2048K, 0% used [0x00000000eab00000,0x00000000eab00000,0x00000000ead00000)
  from space 512K, 43% used [0x00000000ead80000,0x00000000eadb8000,0x00000000eae00000)
  to   space 512K, 0% used [0x00000000eae00000,0x00000000eae00000,0x00000000eae80000)
 ParOldGen       total 392704K, used 189818K [0x00000000c0000000, 0x00000000d7f80000, 0x00000000eab00000)
  object space 392704K, 48% used [0x00000000c0000000,0x00000000cb95e9a8,0x00000000d7f80000)
 Metaspace       used 86289K, committed 88000K, reserved 1179648K
  class space    used 9209K, committed 9984K, reserved 1048576K
}
Event: 194.371 GC heap before
{Heap before GC invocations=606 (full 4):
 PSYoungGen      total 2560K, used 2272K [0x00000000eab00000, 0x00000000eae80000, 0x0000000100000000)
  eden space 2048K, 100% used [0x00000000eab00000,0x00000000ead00000,0x00000000ead00000)
  from space 512K, 43% used [0x00000000ead80000,0x00000000eadb8000,0x00000000eae00000)
  to   space 512K, 0% used [0x00000000eae00000,0x00000000eae00000,0x00000000eae80000)
 ParOldGen       total 392704K, used 189818K [0x00000000c0000000, 0x00000000d7f80000, 0x00000000eab00000)
  object space 392704K, 48% used [0x00000000c0000000,0x00000000cb95e9a8,0x00000000d7f80000)
 Metaspace       used 86316K, committed 88064K, reserved 1179648K
  class space    used 9212K, committed 9984K, reserved 1048576K
}
Event: 194.372 GC heap after
{Heap after GC invocations=606 (full 4):
 PSYoungGen      total 2560K, used 192K [0x00000000eab00000, 0x00000000eae80000, 0x0000000100000000)
  eden space 2048K, 0% used [0x00000000eab00000,0x00000000eab00000,0x00000000ead00000)
  from space 512K, 37% used [0x00000000eae00000,0x00000000eae30000,0x00000000eae80000)
  to   space 512K, 0% used [0x00000000ead80000,0x00000000ead80000,0x00000000eae00000)
 ParOldGen       total 392704K, used 189818K [0x00000000c0000000, 0x00000000d7f80000, 0x00000000eab00000)
  object space 392704K, 48% used [0x00000000c0000000,0x00000000cb95e9a8,0x00000000d7f80000)
 Metaspace       used 86316K, committed 88064K, reserved 1179648K
  class space    used 9212K, committed 9984K, reserved 1048576K
}
Event: 194.826 GC heap before
{Heap before GC invocations=607 (full 4):
 PSYoungGen      total 2560K, used 2239K [0x00000000eab00000, 0x00000000eae80000, 0x0000000100000000)
  eden space 2048K, 99% used [0x00000000eab00000,0x00000000eacffdc8,0x00000000ead00000)
  from space 512K, 37% used [0x00000000eae00000,0x00000000eae30000,0x00000000eae80000)
  to   space 512K, 0% used [0x00000000ead80000,0x00000000ead80000,0x00000000eae00000)
 ParOldGen       total 392704K, used 189818K [0x00000000c0000000, 0x00000000d7f80000, 0x00000000eab00000)
  object space 392704K, 48% used [0x00000000c0000000,0x00000000cb95e9a8,0x00000000d7f80000)
 Metaspace       used 86316K, committed 88064K, reserved 1179648K
  class space    used 9212K, committed 9984K, reserved 1048576K
}
Event: 194.827 GC heap after
{Heap after GC invocations=607 (full 4):
 PSYoungGen      total 2560K, used 224K [0x00000000eab00000, 0x00000000eae80000, 0x0000000100000000)
  eden space 2048K, 0% used [0x00000000eab00000,0x00000000eab00000,0x00000000ead00000)
  from space 512K, 43% used [0x00000000ead80000,0x00000000eadb8000,0x00000000eae00000)
  to   space 512K, 0% used [0x00000000eae00000,0x00000000eae00000,0x00000000eae80000)
 ParOldGen       total 392704K, used 189874K [0x00000000c0000000, 0x00000000d7f80000, 0x00000000eab00000)
  object space 392704K, 48% used [0x00000000c0000000,0x00000000cb96c9a8,0x00000000d7f80000)
 Metaspace       used 86316K, committed 88064K, reserved 1179648K
  class space    used 9212K, committed 9984K, reserved 1048576K
}
Event: 196.421 GC heap before
{Heap before GC invocations=608 (full 4):
 PSYoungGen      total 2560K, used 2272K [0x00000000eab00000, 0x00000000eae80000, 0x0000000100000000)
  eden space 2048K, 100% used [0x00000000eab00000,0x00000000ead00000,0x00000000ead00000)
  from space 512K, 43% used [0x00000000ead80000,0x00000000eadb8000,0x00000000eae00000)
  to   space 512K, 0% used [0x00000000eae00000,0x00000000eae00000,0x00000000eae80000)
 ParOldGen       total 392704K, used 189874K [0x00000000c0000000, 0x00000000d7f80000, 0x00000000eab00000)
  object space 392704K, 48% used [0x00000000c0000000,0x00000000cb96c9a8,0x00000000d7f80000)
 Metaspace       used 86321K, committed 88128K, reserved 1179648K
  class space    used 9213K, committed 9984K, reserved 1048576K
}
Event: 196.422 GC heap after
{Heap after GC invocations=608 (full 4):
 PSYoungGen      total 2560K, used 256K [0x00000000eab00000, 0x00000000eae80000, 0x0000000100000000)
  eden space 2048K, 0% used [0x00000000eab00000,0x00000000eab00000,0x00000000ead00000)
  from space 512K, 50% used [0x00000000eae00000,0x00000000eae40000,0x00000000eae80000)
  to   space 512K, 0% used [0x00000000ead80000,0x00000000ead80000,0x00000000eae00000)
 ParOldGen       total 392704K, used 189914K [0x00000000c0000000, 0x00000000d7f80000, 0x00000000eab00000)
  object space 392704K, 48% used [0x00000000c0000000,0x00000000cb9769a8,0x00000000d7f80000)
 Metaspace       used 86321K, committed 88128K, reserved 1179648K
  class space    used 9213K, committed 9984K, reserved 1048576K
}
Event: 196.654 GC heap before
{Heap before GC invocations=609 (full 4):
 PSYoungGen      total 2560K, used 2303K [0x00000000eab00000, 0x00000000eae80000, 0x0000000100000000)
  eden space 2048K, 99% used [0x00000000eab00000,0x00000000eacfffe0,0x00000000ead00000)
  from space 512K, 50% used [0x00000000eae00000,0x00000000eae40000,0x00000000eae80000)
  to   space 512K, 0% used [0x00000000ead80000,0x00000000ead80000,0x00000000eae00000)
 ParOldGen       total 392704K, used 189914K [0x00000000c0000000, 0x00000000d7f80000, 0x00000000eab00000)
  object space 392704K, 48% used [0x00000000c0000000,0x00000000cb9769a8,0x00000000d7f80000)
 Metaspace       used 86321K, committed 88128K, reserved 1179648K
  class space    used 9213K, committed 9984K, reserved 1048576K
}
Event: 196.655 GC heap after
{Heap after GC invocations=609 (full 4):
 PSYoungGen      total 2560K, used 256K [0x00000000eab00000, 0x00000000eae80000, 0x0000000100000000)
  eden space 2048K, 0% used [0x00000000eab00000,0x00000000eab00000,0x00000000ead00000)
  from space 512K, 50% used [0x00000000ead80000,0x00000000eadc0000,0x00000000eae00000)
  to   space 512K, 0% used [0x00000000eae00000,0x00000000eae00000,0x00000000eae80000)
 ParOldGen       total 392704K, used 189960K [0x00000000c0000000, 0x00000000d7f80000, 0x00000000eab00000)
  object space 392704K, 48% used [0x00000000c0000000,0x00000000cb9821d8,0x00000000d7f80000)
 Metaspace       used 86321K, committed 88128K, reserved 1179648K
  class space    used 9213K, committed 9984K, reserved 1048576K
}
Event: 196.891 GC heap before
{Heap before GC invocations=610 (full 4):
 PSYoungGen      total 2560K, used 2304K [0x00000000eab00000, 0x00000000eae80000, 0x0000000100000000)
  eden space 2048K, 100% used [0x00000000eab00000,0x00000000ead00000,0x00000000ead00000)
  from space 512K, 50% used [0x00000000ead80000,0x00000000eadc0000,0x00000000eae00000)
  to   space 512K, 0% used [0x00000000eae00000,0x00000000eae00000,0x00000000eae80000)
 ParOldGen       total 392704K, used 189960K [0x00000000c0000000, 0x00000000d7f80000, 0x00000000eab00000)
  object space 392704K, 48% used [0x00000000c0000000,0x00000000cb9821d8,0x00000000d7f80000)
 Metaspace       used 86327K, committed 88128K, reserved 1179648K
  class space    used 9214K, committed 9984K, reserved 1048576K
}
Event: 196.892 GC heap after
{Heap after GC invocations=610 (full 4):
 PSYoungGen      total 2560K, used 512K [0x00000000eab00000, 0x00000000eaf00000, 0x0000000100000000)
  eden space 2048K, 0% used [0x00000000eab00000,0x00000000eab00000,0x00000000ead00000)
  from space 512K, 100% used [0x00000000eae00000,0x00000000eae80000,0x00000000eae80000)
  to   space 1024K, 0% used [0x00000000ead00000,0x00000000ead00000,0x00000000eae00000)
 ParOldGen       total 392704K, used 190112K [0x00000000c0000000, 0x00000000d7f80000, 0x00000000eab00000)
  object space 392704K, 48% used [0x00000000c0000000,0x00000000cb9a81d8,0x00000000d7f80000)
 Metaspace       used 86327K, committed 88128K, reserved 1179648K
  class space    used 9214K, committed 9984K, reserved 1048576K
}
Event: 204.533 GC heap before
{Heap before GC invocations=611 (full 4):
 PSYoungGen      total 2560K, used 2560K [0x00000000eab00000, 0x00000000eaf00000, 0x0000000100000000)
  eden space 2048K, 100% used [0x00000000eab00000,0x00000000ead00000,0x00000000ead00000)
  from space 512K, 100% used [0x00000000eae00000,0x00000000eae80000,0x00000000eae80000)
  to   space 1024K, 0% used [0x00000000ead00000,0x00000000ead00000,0x00000000eae00000)
 ParOldGen       total 392704K, used 190112K [0x00000000c0000000, 0x00000000d7f80000, 0x00000000eab00000)
  object space 392704K, 48% used [0x00000000c0000000,0x00000000cb9a81d8,0x00000000d7f80000)
 Metaspace       used 86362K, committed 88128K, reserved 1179648K
  class space    used 9220K, committed 9984K, reserved 1048576K
}
Event: 204.538 GC heap after
{Heap after GC invocations=611 (full 4):
 PSYoungGen      total 3072K, used 512K [0x00000000eab00000, 0x00000000eaf00000, 0x0000000100000000)
  eden space 2048K, 0% used [0x00000000eab00000,0x00000000eab00000,0x00000000ead00000)
  from space 1024K, 50% used [0x00000000ead00000,0x00000000ead80000,0x00000000eae00000)
  to   space 1024K, 0% used [0x00000000eae00000,0x00000000eae00000,0x00000000eaf00000)
 ParOldGen       total 392704K, used 190653K [0x00000000c0000000, 0x00000000d7f80000, 0x00000000eab00000)
  object space 392704K, 48% used [0x00000000c0000000,0x00000000cba2f658,0x00000000d7f80000)
 Metaspace       used 86362K, committed 88128K, reserved 1179648K
  class space    used 9220K, committed 9984K, reserved 1048576K
}
Event: 204.553 GC heap before
{Heap before GC invocations=612 (full 4):
 PSYoungGen      total 3072K, used 2560K [0x00000000eab00000, 0x00000000eaf00000, 0x0000000100000000)
  eden space 2048K, 100% used [0x00000000eab00000,0x00000000ead00000,0x00000000ead00000)
  from space 1024K, 50% used [0x00000000ead00000,0x00000000ead80000,0x00000000eae00000)
  to   space 1024K, 0% used [0x00000000eae00000,0x00000000eae00000,0x00000000eaf00000)
 ParOldGen       total 392704K, used 190653K [0x00000000c0000000, 0x00000000d7f80000, 0x00000000eab00000)
  object space 392704K, 48% used [0x00000000c0000000,0x00000000cba2f658,0x00000000d7f80000)
 Metaspace       used 86363K, committed 88128K, reserved 1179648K
  class space    used 9220K, committed 9984K, reserved 1048576K
}
Event: 204.555 GC heap after
{Heap after GC invocations=612 (full 4):
 PSYoungGen      total 3072K, used 840K [0x00000000eab00000, 0x00000000eaf00000, 0x0000000100000000)
  eden space 2048K, 0% used [0x00000000eab00000,0x00000000eab00000,0x00000000ead00000)
  from space 1024K, 82% used [0x00000000eae00000,0x00000000eaed2388,0x00000000eaf00000)
  to   space 1024K, 0% used [0x00000000ead00000,0x00000000ead00000,0x00000000eae00000)
 ParOldGen       total 392704K, used 190978K [0x00000000c0000000, 0x00000000d7f80000, 0x00000000eab00000)
  object space 392704K, 48% used [0x00000000c0000000,0x00000000cba80ad8,0x00000000d7f80000)
 Metaspace       used 86363K, committed 88128K, reserved 1179648K
  class space    used 9220K, committed 9984K, reserved 1048576K
}
Event: 320.582 GC heap before
{Heap before GC invocations=613 (full 4):
 PSYoungGen      total 3072K, used 2888K [0x00000000eab00000, 0x00000000eaf00000, 0x0000000100000000)
  eden space 2048K, 99% used [0x00000000eab00000,0x00000000eacffff0,0x00000000ead00000)
  from space 1024K, 82% used [0x00000000eae00000,0x00000000eaed2388,0x00000000eaf00000)
  to   space 1024K, 0% used [0x00000000ead00000,0x00000000ead00000,0x00000000eae00000)
 ParOldGen       total 392704K, used 190978K [0x00000000c0000000, 0x00000000d7f80000, 0x00000000eab00000)
  object space 392704K, 48% used [0x00000000c0000000,0x00000000cba80ad8,0x00000000d7f80000)
 Metaspace       used 86496K, committed 88320K, reserved 1179648K
  class space    used 9238K, committed 10048K, reserved 1048576K
}
Event: 320.584 GC heap after
{Heap after GC invocations=613 (full 4):
 PSYoungGen      total 3072K, used 352K [0x00000000eab00000, 0x00000000eaf00000, 0x0000000100000000)
  eden space 2048K, 0% used [0x00000000eab00000,0x00000000eab00000,0x00000000ead00000)
  from space 1024K, 34% used [0x00000000ead00000,0x00000000ead58000,0x00000000eae00000)
  to   space 1024K, 0% used [0x00000000eae00000,0x00000000eae00000,0x00000000eaf00000)
 ParOldGen       total 392704K, used 191526K [0x00000000c0000000, 0x00000000d7f80000, 0x00000000eab00000)
  object space 392704K, 48% used [0x00000000c0000000,0x00000000cbb09b48,0x00000000d7f80000)
 Metaspace       used 86496K, committed 88320K, reserved 1179648K
  class space    used 9238K, committed 10048K, reserved 1048576K
}

